{"timestamp":"2025-07-21T08:38:39.409829","level":"info","event":"DAG bundles loaded: dags-folder, example_dags","logger":"airflow.dag_processing.bundles.manager.DagBundlesManager"}
{"timestamp":"2025-07-21T08:38:39.410322","level":"info","event":"Filling up the DagBag from /opt/airflow/dags/get_prices_per_four_hour.py","logger":"airflow.models.dagbag.DagBag"}
{"timestamp":"2025-07-21T08:38:39.461210Z","level":"info","event":"Task instance is in running state","chan":"stdout","logger":"task"}
{"timestamp":"2025-07-21T08:38:39.462272Z","level":"info","event":" Previous state of the Task instance: TaskInstanceState.QUEUED","chan":"stdout","logger":"task"}
{"timestamp":"2025-07-21T08:38:39.462865Z","level":"info","event":"Current task name:fetch_and_store_prices","chan":"stdout","logger":"task"}
{"timestamp":"2025-07-21T08:38:39.463713Z","level":"info","event":"Dag name:get_prices_per_four_hour","chan":"stdout","logger":"task"}
{"timestamp":"2025-07-21T08:38:39.618067Z","level":"info","event":"Status Code: 200","chan":"stdout","logger":"task"}
{"timestamp":"2025-07-21T08:38:39.619195Z","level":"info","event":"Fetching products for category: Nhà Sách Tiki","chan":"stdout","logger":"task"}
{"timestamp":"2025-07-21T08:38:40.282110Z","level":"info","event":"Fetching URL: https://tiki.vn/api/api/personalish/v1/blocks/listings?limit=40&page=1&category=8322&urlKey=nha-sach-tiki (Page 1)","chan":"stdout","logger":"task"}
{"timestamp":"2025-07-21T08:38:40.282902Z","level":"info","event":"Status Code: 200","chan":"stdout","logger":"task"}
{"timestamp":"2025-07-21T08:38:40.824078Z","level":"info","event":"Fetching URL: https://tiki.vn/api/api/personalish/v1/blocks/listings?limit=40&page=2&category=8322&urlKey=nha-sach-tiki (Page 2)","chan":"stdout","logger":"task"}
{"timestamp":"2025-07-21T08:38:40.824726Z","level":"info","event":"Status Code: 200","chan":"stdout","logger":"task"}
{"timestamp":"2025-07-21T08:38:41.426962Z","level":"info","event":"Fetching URL: https://tiki.vn/api/api/personalish/v1/blocks/listings?limit=40&page=3&category=8322&urlKey=nha-sach-tiki (Page 3)","chan":"stdout","logger":"task"}
{"timestamp":"2025-07-21T08:38:41.427958Z","level":"info","event":"Status Code: 200","chan":"stdout","logger":"task"}
{"timestamp":"2025-07-21T08:38:41.917878Z","level":"info","event":"Fetching URL: https://tiki.vn/api/api/personalish/v1/blocks/listings?limit=40&page=4&category=8322&urlKey=nha-sach-tiki (Page 4)","chan":"stdout","logger":"task"}
{"timestamp":"2025-07-21T08:38:41.918516Z","level":"info","event":"Status Code: 200","chan":"stdout","logger":"task"}
{"timestamp":"2025-07-21T08:38:42.482858Z","level":"info","event":"Fetching URL: https://tiki.vn/api/api/personalish/v1/blocks/listings?limit=40&page=5&category=8322&urlKey=nha-sach-tiki (Page 5)","chan":"stdout","logger":"task"}
{"timestamp":"2025-07-21T08:38:42.484699Z","level":"info","event":"Status Code: 200","chan":"stdout","logger":"task"}
{"timestamp":"2025-07-21T08:38:42.938375Z","level":"info","event":"Fetching URL: https://tiki.vn/api/api/personalish/v1/blocks/listings?limit=40&page=6&category=8322&urlKey=nha-sach-tiki (Page 6)","chan":"stdout","logger":"task"}
{"timestamp":"2025-07-21T08:38:42.938943Z","level":"info","event":"Status Code: 200","chan":"stdout","logger":"task"}
{"timestamp":"2025-07-21T08:38:43.375324Z","level":"info","event":"Fetching URL: https://tiki.vn/api/api/personalish/v1/blocks/listings?limit=40&page=7&category=8322&urlKey=nha-sach-tiki (Page 7)","chan":"stdout","logger":"task"}
{"timestamp":"2025-07-21T08:38:43.376048Z","level":"info","event":"Status Code: 200","chan":"stdout","logger":"task"}
{"timestamp":"2025-07-21T08:38:43.848312Z","level":"info","event":"Fetching URL: https://tiki.vn/api/api/personalish/v1/blocks/listings?limit=40&page=8&category=8322&urlKey=nha-sach-tiki (Page 8)","chan":"stdout","logger":"task"}
{"timestamp":"2025-07-21T08:38:43.849054Z","level":"info","event":"Status Code: 200","chan":"stdout","logger":"task"}
{"timestamp":"2025-07-21T08:38:44.337182Z","level":"info","event":"Fetching URL: https://tiki.vn/api/api/personalish/v1/blocks/listings?limit=40&page=9&category=8322&urlKey=nha-sach-tiki (Page 9)","chan":"stdout","logger":"task"}
{"timestamp":"2025-07-21T08:38:44.339589Z","level":"info","event":"Status Code: 200","chan":"stdout","logger":"task"}
{"timestamp":"2025-07-21T08:38:44.957229Z","level":"info","event":"Fetching URL: https://tiki.vn/api/api/personalish/v1/blocks/listings?limit=40&page=10&category=8322&urlKey=nha-sach-tiki (Page 10)","chan":"stdout","logger":"task"}
{"timestamp":"2025-07-21T08:38:44.958122Z","level":"info","event":"Status Code: 200","chan":"stdout","logger":"task"}
{"timestamp":"2025-07-21T08:38:45.417662Z","level":"info","event":"Fetching URL: https://tiki.vn/api/api/personalish/v1/blocks/listings?limit=40&page=11&category=8322&urlKey=nha-sach-tiki (Page 11)","chan":"stdout","logger":"task"}
{"timestamp":"2025-07-21T08:38:45.421990Z","level":"info","event":"Status Code: 200","chan":"stdout","logger":"task"}
{"timestamp":"2025-07-21T08:38:45.909406Z","level":"info","event":"Fetching URL: https://tiki.vn/api/api/personalish/v1/blocks/listings?limit=40&page=12&category=8322&urlKey=nha-sach-tiki (Page 12)","chan":"stdout","logger":"task"}
{"timestamp":"2025-07-21T08:38:45.910039Z","level":"info","event":"Status Code: 200","chan":"stdout","logger":"task"}
{"timestamp":"2025-07-21T08:38:46.420290Z","level":"info","event":"Fetching URL: https://tiki.vn/api/api/personalish/v1/blocks/listings?limit=40&page=13&category=8322&urlKey=nha-sach-tiki (Page 13)","chan":"stdout","logger":"task"}
{"timestamp":"2025-07-21T08:38:46.421195Z","level":"info","event":"Status Code: 200","chan":"stdout","logger":"task"}
{"timestamp":"2025-07-21T08:38:46.945862Z","level":"info","event":"Fetching URL: https://tiki.vn/api/api/personalish/v1/blocks/listings?limit=40&page=14&category=8322&urlKey=nha-sach-tiki (Page 14)","chan":"stdout","logger":"task"}
{"timestamp":"2025-07-21T08:38:46.946388Z","level":"info","event":"Status Code: 200","chan":"stdout","logger":"task"}
{"timestamp":"2025-07-21T08:38:47.579754Z","level":"info","event":"Fetching URL: https://tiki.vn/api/api/personalish/v1/blocks/listings?limit=40&page=15&category=8322&urlKey=nha-sach-tiki (Page 15)","chan":"stdout","logger":"task"}
{"timestamp":"2025-07-21T08:38:47.583004Z","level":"info","event":"Status Code: 200","chan":"stdout","logger":"task"}
{"timestamp":"2025-07-21T08:38:48.171677Z","level":"info","event":"Fetching URL: https://tiki.vn/api/api/personalish/v1/blocks/listings?limit=40&page=16&category=8322&urlKey=nha-sach-tiki (Page 16)","chan":"stdout","logger":"task"}
{"timestamp":"2025-07-21T08:38:48.173484Z","level":"info","event":"Status Code: 200","chan":"stdout","logger":"task"}
{"timestamp":"2025-07-21T08:38:48.957170Z","level":"info","event":"Fetching URL: https://tiki.vn/api/api/personalish/v1/blocks/listings?limit=40&page=17&category=8322&urlKey=nha-sach-tiki (Page 17)","chan":"stdout","logger":"task"}
{"timestamp":"2025-07-21T08:38:48.960728Z","level":"info","event":"Status Code: 200","chan":"stdout","logger":"task"}
{"timestamp":"2025-07-21T08:38:50.105335Z","level":"info","event":"Fetching URL: https://tiki.vn/api/api/personalish/v1/blocks/listings?limit=40&page=18&category=8322&urlKey=nha-sach-tiki (Page 18)","chan":"stdout","logger":"task"}
{"timestamp":"2025-07-21T08:38:50.105883Z","level":"info","event":"Status Code: 200","chan":"stdout","logger":"task"}
{"timestamp":"2025-07-21T08:38:50.649413Z","level":"info","event":"Fetching URL: https://tiki.vn/api/api/personalish/v1/blocks/listings?limit=40&page=19&category=8322&urlKey=nha-sach-tiki (Page 19)","chan":"stdout","logger":"task"}
{"timestamp":"2025-07-21T08:38:50.649865Z","level":"info","event":"Status Code: 200","chan":"stdout","logger":"task"}
{"timestamp":"2025-07-21T08:38:51.124917Z","level":"info","event":"Fetching URL: https://tiki.vn/api/api/personalish/v1/blocks/listings?limit=40&page=20&category=8322&urlKey=nha-sach-tiki (Page 20)","chan":"stdout","logger":"task"}
{"timestamp":"2025-07-21T08:38:51.125378Z","level":"info","event":"Status Code: 200","chan":"stdout","logger":"task"}
{"timestamp":"2025-07-21T08:38:51.703816Z","level":"info","event":"Fetching URL: https://tiki.vn/api/api/personalish/v1/blocks/listings?limit=40&page=21&category=8322&urlKey=nha-sach-tiki (Page 21)","chan":"stdout","logger":"task"}
{"timestamp":"2025-07-21T08:38:51.705040Z","level":"info","event":"Status Code: 200","chan":"stdout","logger":"task"}
{"timestamp":"2025-07-21T08:38:52.195257Z","level":"info","event":"Fetching URL: https://tiki.vn/api/api/personalish/v1/blocks/listings?limit=40&page=22&category=8322&urlKey=nha-sach-tiki (Page 22)","chan":"stdout","logger":"task"}
{"timestamp":"2025-07-21T08:38:52.198446Z","level":"info","event":"Status Code: 200","chan":"stdout","logger":"task"}
{"timestamp":"2025-07-21T08:38:52.858932Z","level":"info","event":"Fetching URL: https://tiki.vn/api/api/personalish/v1/blocks/listings?limit=40&page=23&category=8322&urlKey=nha-sach-tiki (Page 23)","chan":"stdout","logger":"task"}
{"timestamp":"2025-07-21T08:38:52.859559Z","level":"info","event":"Status Code: 200","chan":"stdout","logger":"task"}
{"timestamp":"2025-07-21T08:38:53.316459Z","level":"info","event":"Fetching URL: https://tiki.vn/api/api/personalish/v1/blocks/listings?limit=40&page=24&category=8322&urlKey=nha-sach-tiki (Page 24)","chan":"stdout","logger":"task"}
{"timestamp":"2025-07-21T08:38:53.317131Z","level":"info","event":"Status Code: 200","chan":"stdout","logger":"task"}
{"timestamp":"2025-07-21T08:38:53.815688Z","level":"info","event":"Fetching URL: https://tiki.vn/api/api/personalish/v1/blocks/listings?limit=40&page=25&category=8322&urlKey=nha-sach-tiki (Page 25)","chan":"stdout","logger":"task"}
{"timestamp":"2025-07-21T08:38:53.818339Z","level":"info","event":"Status Code: 200","chan":"stdout","logger":"task"}
{"timestamp":"2025-07-21T08:38:54.299910Z","level":"info","event":"Fetching URL: https://tiki.vn/api/api/personalish/v1/blocks/listings?limit=40&page=26&category=8322&urlKey=nha-sach-tiki (Page 26)","chan":"stdout","logger":"task"}
{"timestamp":"2025-07-21T08:38:54.302518Z","level":"info","event":"Status Code: 200","chan":"stdout","logger":"task"}
{"timestamp":"2025-07-21T08:38:54.766542Z","level":"info","event":"Fetching URL: https://tiki.vn/api/api/personalish/v1/blocks/listings?limit=40&page=27&category=8322&urlKey=nha-sach-tiki (Page 27)","chan":"stdout","logger":"task"}
{"timestamp":"2025-07-21T08:38:54.767032Z","level":"info","event":"Status Code: 200","chan":"stdout","logger":"task"}
{"timestamp":"2025-07-21T08:38:55.272010Z","level":"info","event":"Fetching URL: https://tiki.vn/api/api/personalish/v1/blocks/listings?limit=40&page=28&category=8322&urlKey=nha-sach-tiki (Page 28)","chan":"stdout","logger":"task"}
{"timestamp":"2025-07-21T08:38:55.272396Z","level":"info","event":"Status Code: 200","chan":"stdout","logger":"task"}
{"timestamp":"2025-07-21T08:38:55.770584Z","level":"info","event":"Fetching URL: https://tiki.vn/api/api/personalish/v1/blocks/listings?limit=40&page=29&category=8322&urlKey=nha-sach-tiki (Page 29)","chan":"stdout","logger":"task"}
{"timestamp":"2025-07-21T08:38:55.771076Z","level":"info","event":"Status Code: 200","chan":"stdout","logger":"task"}
{"timestamp":"2025-07-21T08:38:56.295369Z","level":"info","event":"Fetching URL: https://tiki.vn/api/api/personalish/v1/blocks/listings?limit=40&page=30&category=8322&urlKey=nha-sach-tiki (Page 30)","chan":"stdout","logger":"task"}
{"timestamp":"2025-07-21T08:38:56.296630Z","level":"info","event":"Status Code: 200","chan":"stdout","logger":"task"}
{"timestamp":"2025-07-21T08:38:56.984256Z","level":"info","event":"Fetching URL: https://tiki.vn/api/api/personalish/v1/blocks/listings?limit=40&page=31&category=8322&urlKey=nha-sach-tiki (Page 31)","chan":"stdout","logger":"task"}
{"timestamp":"2025-07-21T08:38:56.984769Z","level":"info","event":"Status Code: 200","chan":"stdout","logger":"task"}
{"timestamp":"2025-07-21T08:38:57.318022Z","level":"info","event":"Fetching URL: https://tiki.vn/api/api/personalish/v1/blocks/listings?limit=40&page=32&category=8322&urlKey=nha-sach-tiki (Page 32)","chan":"stdout","logger":"task"}
{"timestamp":"2025-07-21T08:38:57.318436Z","level":"info","event":"Status Code: 200","chan":"stdout","logger":"task"}
{"timestamp":"2025-07-21T08:39:08.007413Z","level":"info","event":"Fetching URL: https://tiki.vn/api/api/personalish/v1/blocks/listings?limit=40&page=33&category=8322&urlKey=nha-sach-tiki (Page 33)","chan":"stdout","logger":"task"}
{"timestamp":"2025-07-21T08:39:08.008826Z","level":"info","event":"Status Code: 200","chan":"stdout","logger":"task"}
{"timestamp":"2025-07-21T08:39:09.612507Z","level":"info","event":"Fetching URL: https://tiki.vn/api/api/personalish/v1/blocks/listings?limit=40&page=34&category=8322&urlKey=nha-sach-tiki (Page 34)","chan":"stdout","logger":"task"}
{"timestamp":"2025-07-21T08:39:09.614375Z","level":"info","event":"Status Code: 200","chan":"stdout","logger":"task"}
{"timestamp":"2025-07-21T08:39:17.536697Z","level":"info","event":"Fetching URL: https://tiki.vn/api/api/personalish/v1/blocks/listings?limit=40&page=35&category=8322&urlKey=nha-sach-tiki (Page 35)","chan":"stdout","logger":"task"}
{"timestamp":"2025-07-21T08:39:17.537154Z","level":"info","event":"Status Code: 200","chan":"stdout","logger":"task"}
{"timestamp":"2025-07-21T08:39:18.515447Z","level":"info","event":"Fetching URL: https://tiki.vn/api/api/personalish/v1/blocks/listings?limit=40&page=36&category=8322&urlKey=nha-sach-tiki (Page 36)","chan":"stdout","logger":"task"}
{"timestamp":"2025-07-21T08:39:18.515889Z","level":"info","event":"Status Code: 200","chan":"stdout","logger":"task"}
{"timestamp":"2025-07-21T08:39:21.975640Z","level":"info","event":"Fetching URL: https://tiki.vn/api/api/personalish/v1/blocks/listings?limit=40&page=37&category=8322&urlKey=nha-sach-tiki (Page 37)","chan":"stdout","logger":"task"}
{"timestamp":"2025-07-21T08:39:21.976282Z","level":"info","event":"Status Code: 200","chan":"stdout","logger":"task"}
{"timestamp":"2025-07-21T08:39:24.702752Z","level":"info","event":"Fetching URL: https://tiki.vn/api/api/personalish/v1/blocks/listings?limit=40&page=38&category=8322&urlKey=nha-sach-tiki (Page 38)","chan":"stdout","logger":"task"}
{"timestamp":"2025-07-21T08:39:24.703718Z","level":"info","event":"Status Code: 200","chan":"stdout","logger":"task"}
{"timestamp":"2025-07-21T08:39:27.492671Z","level":"info","event":"Fetching URL: https://tiki.vn/api/api/personalish/v1/blocks/listings?limit=40&page=39&category=8322&urlKey=nha-sach-tiki (Page 39)","chan":"stdout","logger":"task"}
{"timestamp":"2025-07-21T08:39:27.493795Z","level":"info","event":"Status Code: 200","chan":"stdout","logger":"task"}
{"timestamp":"2025-07-21T08:39:28.837031Z","level":"info","event":"Fetching URL: https://tiki.vn/api/api/personalish/v1/blocks/listings?limit=40&page=40&category=8322&urlKey=nha-sach-tiki (Page 40)","chan":"stdout","logger":"task"}
{"timestamp":"2025-07-21T08:39:28.837394Z","level":"info","event":"Status Code: 200","chan":"stdout","logger":"task"}
{"timestamp":"2025-07-21T08:39:31.547002Z","level":"info","event":"Fetching URL: https://tiki.vn/api/api/personalish/v1/blocks/listings?limit=40&page=41&category=8322&urlKey=nha-sach-tiki (Page 41)","chan":"stdout","logger":"task"}
{"timestamp":"2025-07-21T08:39:31.549299Z","level":"info","event":"Status Code: 200","chan":"stdout","logger":"task"}
{"timestamp":"2025-07-21T08:39:38.307866Z","level":"info","event":"Fetching URL: https://tiki.vn/api/api/personalish/v1/blocks/listings?limit=40&page=42&category=8322&urlKey=nha-sach-tiki (Page 42)","chan":"stdout","logger":"task"}
{"timestamp":"2025-07-21T08:39:38.308437Z","level":"info","event":"Status Code: 200","chan":"stdout","logger":"task"}
{"timestamp":"2025-07-21T08:39:40.509313Z","level":"info","event":"Fetching URL: https://tiki.vn/api/api/personalish/v1/blocks/listings?limit=40&page=43&category=8322&urlKey=nha-sach-tiki (Page 43)","chan":"stdout","logger":"task"}
{"timestamp":"2025-07-21T08:39:40.512958Z","level":"info","event":"Status Code: 200","chan":"stdout","logger":"task"}
{"timestamp":"2025-07-21T08:39:43.294452Z","level":"info","event":"Fetching URL: https://tiki.vn/api/api/personalish/v1/blocks/listings?limit=40&page=44&category=8322&urlKey=nha-sach-tiki (Page 44)","chan":"stdout","logger":"task"}
{"timestamp":"2025-07-21T08:39:43.296496Z","level":"info","event":"Status Code: 200","chan":"stdout","logger":"task"}
{"timestamp":"2025-07-21T08:39:47.027363Z","level":"info","event":"Fetching URL: https://tiki.vn/api/api/personalish/v1/blocks/listings?limit=40&page=45&category=8322&urlKey=nha-sach-tiki (Page 45)","chan":"stdout","logger":"task"}
{"timestamp":"2025-07-21T08:39:47.029014Z","level":"info","event":"Status Code: 200","chan":"stdout","logger":"task"}
{"timestamp":"2025-07-21T08:39:48.394414Z","level":"info","event":"Fetching URL: https://tiki.vn/api/api/personalish/v1/blocks/listings?limit=40&page=46&category=8322&urlKey=nha-sach-tiki (Page 46)","chan":"stdout","logger":"task"}
{"timestamp":"2025-07-21T08:39:48.395241Z","level":"info","event":"Status Code: 200","chan":"stdout","logger":"task"}
{"timestamp":"2025-07-21T08:39:49.277080Z","level":"info","event":"Fetching URL: https://tiki.vn/api/api/personalish/v1/blocks/listings?limit=40&page=47&category=8322&urlKey=nha-sach-tiki (Page 47)","chan":"stdout","logger":"task"}
{"timestamp":"2025-07-21T08:39:49.277518Z","level":"info","event":"Status Code: 200","chan":"stdout","logger":"task"}
{"timestamp":"2025-07-21T08:39:52.378350Z","level":"info","event":"Fetching URL: https://tiki.vn/api/api/personalish/v1/blocks/listings?limit=40&page=48&category=8322&urlKey=nha-sach-tiki (Page 48)","chan":"stdout","logger":"task"}
{"timestamp":"2025-07-21T08:39:52.378791Z","level":"info","event":"Status Code: 200","chan":"stdout","logger":"task"}
{"timestamp":"2025-07-21T08:39:57.220090Z","level":"info","event":"Fetching URL: https://tiki.vn/api/api/personalish/v1/blocks/listings?limit=40&page=49&category=8322&urlKey=nha-sach-tiki (Page 49)","chan":"stdout","logger":"task"}
{"timestamp":"2025-07-21T08:39:57.220985Z","level":"info","event":"Status Code: 200","chan":"stdout","logger":"task"}
{"timestamp":"2025-07-21T08:39:58.488411Z","level":"info","event":"Fetching URL: https://tiki.vn/api/api/personalish/v1/blocks/listings?limit=40&page=50&category=8322&urlKey=nha-sach-tiki (Page 50)","chan":"stdout","logger":"task"}
{"timestamp":"2025-07-21T08:39:58.488948Z","level":"info","event":"Status Code: 200","chan":"stdout","logger":"task"}
{"timestamp":"2025-07-21T08:39:58.490501Z","level":"info","event":"Total products fetched: 2000","chan":"stdout","logger":"task"}
{"timestamp":"2025-07-21T08:39:58.519442","level":"info","event":"Done. Returned value was:       product_id            sku  ...                 crawled_timestamp   source\n0      278159875  4497839259245  ...  2025-07-21T08:38:40.286964+00:00  tiki.vn\n1      278150175  7503241885581  ...  2025-07-21T08:38:40.287011+00:00  tiki.vn\n2      278101824  7143311586875  ...  2025-07-21T08:38:40.287016+00:00  tiki.vn\n3      277891027  5988083940953  ...  2025-07-21T08:38:40.287020+00:00  tiki.vn\n4      277809376  8398758190956  ...  2025-07-21T08:38:40.287022+00:00  tiki.vn\n...          ...            ...  ...                               ...      ...\n1995    10807784  9411880442216  ...  2025-07-21T08:39:58.490050+00:00  tiki.vn\n1996    10807782  4428294807994  ...  2025-07-21T08:39:58.490052+00:00  tiki.vn\n1997     8121633  3756570543481  ...  2025-07-21T08:39:58.490055+00:00  tiki.vn\n1998     5154511  7379086627719  ...  2025-07-21T08:39:58.490057+00:00  tiki.vn\n1999     1476937  2424479876841  ...  2025-07-21T08:39:58.490059+00:00  tiki.vn\n\n[2000 rows x 15 columns]","logger":"airflow.task.operators.airflow.providers.standard.decorators.python._PythonDecoratedOperator"}
{"timestamp":"2025-07-21T08:39:58.519891","level":"info","event":"Pushing xcom","ti":"RuntimeTaskInstance(id=UUID('01982c22-8fa4-732f-842e-922dd6a92e75'), task_id='fetch_and_store_prices', dag_id='get_prices_per_four_hour', run_id='scheduled__2025-07-21T08:00:00+00:00', try_number=1, map_index=-1, hostname='bd0100621262', context_carrier=None, task=<Task(_PythonDecoratedOperator): fetch_and_store_prices>, bundle_instance=LocalDagBundle(name=dags-folder), max_tries=3, start_date=datetime.datetime(2025, 7, 21, 8, 38, 39, 363231, tzinfo=TzInfo(UTC)), end_date=None, state=<TaskInstanceState.RUNNING: 'running'>, is_mapped=False, rendered_map_index=None)","logger":"task"}
{"timestamp":"2025-07-21T08:39:58.570124Z","level":"info","event":"Task instance in success state","chan":"stdout","logger":"task"}
{"timestamp":"2025-07-21T08:39:58.570784Z","level":"info","event":" Previous state of the Task instance: TaskInstanceState.RUNNING","chan":"stdout","logger":"task"}
{"timestamp":"2025-07-21T08:39:58.571603Z","level":"info","event":"Task operator:<Task(_PythonDecoratedOperator): fetch_and_store_prices>","chan":"stdout","logger":"task"}
