{"timestamp":"2025-07-13T04:12:26.251944","level":"info","event":"DAG bundles loaded: dags-folder, example_dags","logger":"airflow.dag_processing.bundles.manager.DagBundlesManager"}
{"timestamp":"2025-07-13T04:12:26.252510","level":"info","event":"Filling up the DagBag from /opt/airflow/dags/get_prices_per_four_hour.py","logger":"airflow.models.dagbag.DagBag"}
{"timestamp":"2025-07-13T04:12:26.322777Z","level":"info","event":"Task instance is in running state","chan":"stdout","logger":"task"}
{"timestamp":"2025-07-13T04:12:26.323497Z","level":"info","event":" Previous state of the Task instance: TaskInstanceState.QUEUED","chan":"stdout","logger":"task"}
{"timestamp":"2025-07-13T04:12:26.323878Z","level":"info","event":"Current task name:fetch_and_store_prices","chan":"stdout","logger":"task"}
{"timestamp":"2025-07-13T04:12:26.324292Z","level":"info","event":"Dag name:get_prices_per_four_hour","chan":"stdout","logger":"task"}
{"timestamp":"2025-07-13T04:12:26.437042Z","level":"info","event":"Status Code: 200","chan":"stdout","logger":"task"}
{"timestamp":"2025-07-13T04:12:26.438556Z","level":"info","event":"Fetching products for category: Nhà Sách Tiki","chan":"stdout","logger":"task"}
{"timestamp":"2025-07-13T04:12:26.950976Z","level":"info","event":"Fetching URL: https://tiki.vn/api/api/personalish/v1/blocks/listings?limit=40&page=1&category=8322&urlKey=nha-sach-tiki (Page 1)","chan":"stdout","logger":"task"}
{"timestamp":"2025-07-13T04:12:26.951469Z","level":"info","event":"Status Code: 200","chan":"stdout","logger":"task"}
{"timestamp":"2025-07-13T04:12:27.407410Z","level":"info","event":"Fetching URL: https://tiki.vn/api/api/personalish/v1/blocks/listings?limit=40&page=2&category=8322&urlKey=nha-sach-tiki (Page 2)","chan":"stdout","logger":"task"}
{"timestamp":"2025-07-13T04:12:27.407963Z","level":"info","event":"Status Code: 200","chan":"stdout","logger":"task"}
{"timestamp":"2025-07-13T04:12:27.849705Z","level":"info","event":"Fetching URL: https://tiki.vn/api/api/personalish/v1/blocks/listings?limit=40&page=3&category=8322&urlKey=nha-sach-tiki (Page 3)","chan":"stdout","logger":"task"}
{"timestamp":"2025-07-13T04:12:27.850148Z","level":"info","event":"Status Code: 200","chan":"stdout","logger":"task"}
{"timestamp":"2025-07-13T04:12:28.233792Z","level":"info","event":"Fetching URL: https://tiki.vn/api/api/personalish/v1/blocks/listings?limit=40&page=4&category=8322&urlKey=nha-sach-tiki (Page 4)","chan":"stdout","logger":"task"}
{"timestamp":"2025-07-13T04:12:28.234238Z","level":"info","event":"Status Code: 200","chan":"stdout","logger":"task"}
{"timestamp":"2025-07-13T04:12:28.728406Z","level":"info","event":"Fetching URL: https://tiki.vn/api/api/personalish/v1/blocks/listings?limit=40&page=5&category=8322&urlKey=nha-sach-tiki (Page 5)","chan":"stdout","logger":"task"}
{"timestamp":"2025-07-13T04:12:28.728892Z","level":"info","event":"Status Code: 200","chan":"stdout","logger":"task"}
{"timestamp":"2025-07-13T04:12:29.196678Z","level":"info","event":"Fetching URL: https://tiki.vn/api/api/personalish/v1/blocks/listings?limit=40&page=6&category=8322&urlKey=nha-sach-tiki (Page 6)","chan":"stdout","logger":"task"}
{"timestamp":"2025-07-13T04:12:29.197461Z","level":"info","event":"Status Code: 200","chan":"stdout","logger":"task"}
{"timestamp":"2025-07-13T04:12:29.600229Z","level":"info","event":"Fetching URL: https://tiki.vn/api/api/personalish/v1/blocks/listings?limit=40&page=7&category=8322&urlKey=nha-sach-tiki (Page 7)","chan":"stdout","logger":"task"}
{"timestamp":"2025-07-13T04:12:29.600636Z","level":"info","event":"Status Code: 200","chan":"stdout","logger":"task"}
{"timestamp":"2025-07-13T04:12:30.044683Z","level":"info","event":"Fetching URL: https://tiki.vn/api/api/personalish/v1/blocks/listings?limit=40&page=8&category=8322&urlKey=nha-sach-tiki (Page 8)","chan":"stdout","logger":"task"}
{"timestamp":"2025-07-13T04:12:30.045389Z","level":"info","event":"Status Code: 200","chan":"stdout","logger":"task"}
{"timestamp":"2025-07-13T04:12:30.529868Z","level":"info","event":"Fetching URL: https://tiki.vn/api/api/personalish/v1/blocks/listings?limit=40&page=9&category=8322&urlKey=nha-sach-tiki (Page 9)","chan":"stdout","logger":"task"}
{"timestamp":"2025-07-13T04:12:30.530592Z","level":"info","event":"Status Code: 200","chan":"stdout","logger":"task"}
{"timestamp":"2025-07-13T04:12:30.995355Z","level":"info","event":"Fetching URL: https://tiki.vn/api/api/personalish/v1/blocks/listings?limit=40&page=10&category=8322&urlKey=nha-sach-tiki (Page 10)","chan":"stdout","logger":"task"}
{"timestamp":"2025-07-13T04:12:30.995900Z","level":"info","event":"Status Code: 200","chan":"stdout","logger":"task"}
{"timestamp":"2025-07-13T04:12:31.408375Z","level":"info","event":"Fetching URL: https://tiki.vn/api/api/personalish/v1/blocks/listings?limit=40&page=11&category=8322&urlKey=nha-sach-tiki (Page 11)","chan":"stdout","logger":"task"}
{"timestamp":"2025-07-13T04:12:31.408920Z","level":"info","event":"Status Code: 200","chan":"stdout","logger":"task"}
{"timestamp":"2025-07-13T04:12:31.422217Z","level":"error","event":"Server indicated the task shouldn't be running anymore. Terminating process","detail":{"detail":{"reason":"not_running","message":"TI is no longer in the running state and task should terminate","current_state":"failed"}},"logger":"task"}
{"timestamp":"2025-07-13T04:12:31.430790Z","level":"error","event":"Task killed!","logger":"task"}
